Using pre-set license
Built from '2021.3/staging' branch; Version is '2021.3.9f1 (ad3870b89536) revision 11352176'; Using compiler version '192829333'; Build Type 'Release'
OS: 'Windows 10  (10.0.19043) 64bit Core' Language: 'ko' Physical Memory: 32678 MB
BatchMode: 1, IsHumanControllingUs: 0, StartBugReporterOnCrash: 0, Is64bit: 1, IsPro: 1

COMMAND LINE ARGUMENTS:
C:\Program Files\Unity\Hub\Editor\2021.3.9f1\Editor\Unity.exe
-adb2
-batchMode
-noUpm
-name
AssetImportWorker4
-projectPath
C:/Users/user/Desktop/Moongazer
-logFile
Logs/AssetImportWorker4.log
-srvPort
56453
Successfully changed project path to: C:/Users/user/Desktop/Moongazer
C:/Users/user/Desktop/Moongazer
[UnityMemory] Configuration Parameters - Can be set up in boot.config
    "memorysetup-bucket-allocator-granularity=16"
    "memorysetup-bucket-allocator-bucket-count=8"
    "memorysetup-bucket-allocator-block-size=33554432"
    "memorysetup-bucket-allocator-block-count=8"
    "memorysetup-main-allocator-block-size=16777216"
    "memorysetup-thread-allocator-block-size=16777216"
    "memorysetup-gfx-main-allocator-block-size=16777216"
    "memorysetup-gfx-thread-allocator-block-size=16777216"
    "memorysetup-cache-allocator-block-size=4194304"
    "memorysetup-typetree-allocator-block-size=2097152"
    "memorysetup-profiler-bucket-allocator-granularity=16"
    "memorysetup-profiler-bucket-allocator-bucket-count=8"
    "memorysetup-profiler-bucket-allocator-block-size=33554432"
    "memorysetup-profiler-bucket-allocator-block-count=8"
    "memorysetup-profiler-allocator-block-size=16777216"
    "memorysetup-profiler-editor-allocator-block-size=1048576"
    "memorysetup-temp-allocator-size-main=16777216"
    "memorysetup-job-temp-allocator-block-size=2097152"
    "memorysetup-job-temp-allocator-block-size-background=1048576"
    "memorysetup-job-temp-allocator-reduction-small-platforms=262144"
    "memorysetup-temp-allocator-size-background-worker=32768"
    "memorysetup-temp-allocator-size-job-worker=262144"
    "memorysetup-temp-allocator-size-preload-manager=33554432"
    "memorysetup-temp-allocator-size-nav-mesh-worker=65536"
    "memorysetup-temp-allocator-size-audio-worker=65536"
    "memorysetup-temp-allocator-size-cloud-worker=32768"
    "memorysetup-temp-allocator-size-gi-baking-worker=262144"
    "memorysetup-temp-allocator-size-gfx=262144"
Refreshing native plugins compatible for Editor in 50.00 ms, found 2 plugins.
Preloading 0 native plugins for Editor in 0.00 ms.
Initialize engine version: 2021.3.9f1 (ad3870b89536)
[Subsystems] Discovering subsystems at path C:/Program Files/Unity/Hub/Editor/2021.3.9f1/Editor/Data/Resources/UnitySubsystems
[Subsystems] Discovering subsystems at path C:/Users/user/Desktop/Moongazer/Assets
GfxDevice: creating device client; threaded=0; jobified=0
Direct3D:
    Version:  Direct3D 11.0 [level 11.1]
    Renderer: NVIDIA GeForce RTX 3060 Ti (ID=0x2486)
    Vendor:   NVIDIA
    VRAM:     8050 MB
    Driver:   30.0.15.1215
Initialize mono
Mono path[0] = 'C:/Program Files/Unity/Hub/Editor/2021.3.9f1/Editor/Data/Managed'
Mono path[1] = 'C:/Program Files/Unity/Hub/Editor/2021.3.9f1/Editor/Data/MonoBleedingEdge/lib/mono/unityjit-win32'
Mono config path = 'C:/Program Files/Unity/Hub/Editor/2021.3.9f1/Editor/Data/MonoBleedingEdge/etc'
Using monoOptions --debugger-agent=transport=dt_socket,embedding=1,server=y,suspend=n,address=127.0.0.1:56044
Begin MonoManager ReloadAssembly
Registering precompiled unity dll's ...
Register platform support module: C:/Program Files/Unity/Hub/Editor/2021.3.9f1/Editor/Data/PlaybackEngines/WindowsStandaloneSupport/UnityEditor.WindowsStandalone.Extensions.dll
Registered in 0.013561 seconds.
Native extension for WindowsStandalone target not found
Refreshing native plugins compatible for Editor in 50.41 ms, found 2 plugins.
Preloading 0 native plugins for Editor in 0.00 ms.
Mono: successfully reloaded assembly
- Completed reload, in  0.613 seconds
Domain Reload Profiling:
	ReloadAssembly (613ms)
		BeginReloadAssembly (102ms)
			ExecutionOrderSort (0ms)
			DisableScriptedObjects (0ms)
			BackupInstance (0ms)
			ReleaseScriptingObjects (0ms)
			CreateAndSetChildDomain (1ms)
		EndReloadAssembly (393ms)
			LoadAssemblies (98ms)
			RebuildTransferFunctionScriptingTraits (0ms)
			SetupTypeCache (94ms)
			ReleaseScriptCaches (0ms)
			RebuildScriptCaches (23ms)
			SetupLoadedEditorAssemblies (225ms)
				LogAssemblyErrors (0ms)
				InitializePlatformSupportModulesInManaged (9ms)
				SetLoadedEditorAssemblies (0ms)
				RefreshPlugins (50ms)
				BeforeProcessingInitializeOnLoad (1ms)
				ProcessInitializeOnLoadAttributes (109ms)
				ProcessInitializeOnLoadMethodAttributes (54ms)
				AfterProcessingInitializeOnLoad (0ms)
				EditorAssembliesLoaded (0ms)
			ExecutionOrderSort2 (0ms)
			AwakeInstancesAfterBackupRestoration (0ms)
Platform modules already initialized, skipping
Registering precompiled user dll's ...
Registered in 0.006895 seconds.
Begin MonoManager ReloadAssembly
Native extension for WindowsStandalone target not found
Refreshing native plugins compatible for Editor in 0.72 ms, found 2 plugins.
Preloading 0 native plugins for Editor in 0.00 ms.
Mono: successfully reloaded assembly
- Completed reload, in  0.846 seconds
Domain Reload Profiling:
	ReloadAssembly (846ms)
		BeginReloadAssembly (132ms)
			ExecutionOrderSort (0ms)
			DisableScriptedObjects (5ms)
			BackupInstance (0ms)
			ReleaseScriptingObjects (0ms)
			CreateAndSetChildDomain (17ms)
		EndReloadAssembly (600ms)
			LoadAssemblies (105ms)
			RebuildTransferFunctionScriptingTraits (0ms)
			SetupTypeCache (164ms)
			ReleaseScriptCaches (0ms)
			RebuildScriptCaches (38ms)
			SetupLoadedEditorAssemblies (281ms)
				LogAssemblyErrors (0ms)
				InitializePlatformSupportModulesInManaged (7ms)
				SetLoadedEditorAssemblies (0ms)
				RefreshPlugins (1ms)
				BeforeProcessingInitializeOnLoad (62ms)
				ProcessInitializeOnLoadAttributes (170ms)
				ProcessInitializeOnLoadMethodAttributes (25ms)
				AfterProcessingInitializeOnLoad (16ms)
				EditorAssembliesLoaded (0ms)
			ExecutionOrderSort2 (0ms)
			AwakeInstancesAfterBackupRestoration (12ms)
Platform modules already initialized, skipping
========================================================================
Worker process is ready to serve import requests
Launched and connected shader compiler UnityShaderCompiler.exe after 0.05 seconds
Refreshing native plugins compatible for Editor in 0.71 ms, found 2 plugins.
Preloading 0 native plugins for Editor in 0.00 ms.
Unloading 1796 Unused Serialized files (Serialized files now loaded: 0)
Unloading 21 unused Assets / (398.4 KB). Loaded Objects now: 2272.
Memory consumption went from 97.1 MB to 96.7 MB.
Total: 2.450300 ms (FindLiveObjects: 0.162000 ms CreateObjectMapping: 0.076800 ms MarkObjects: 1.965100 ms  DeleteObjects: 0.245300 ms)

AssetImportParameters requested are different than current active one (requested -> active):
  custom:video-decoder-ogg-theora: a1e56fd34408186e4bbccfd4996cb3dc -> 
  custom:container-muxer-webm: aa71ff27fc2769a1b78a27578f13a17b -> 
  custom:container-demuxer-webm: 4f35f7cbe854078d1ac9338744f61a02 -> 
  custom:video-encoder-webm-vp8: eb34c28f22e8b96e1ab97ce403110664 -> 
  custom:audio-encoder-webm-vorbis: bf7c407c2cedff20999df2af8eb42d56 -> 
  custom:framework-win-MediaFoundation: 216162199b28c13a410421893ffa2e32 -> 
  custom:container-demuxer-ogg: 62fdf1f143b41e24485cea50d1cbac27 -> 
  custom:video-decoder-webm-vp8: 9c59270c3fd7afecdb556c50c9e8de78 -> 
  custom:audio-decoder-ogg-vorbis: bf7c407c2cedff20999df2af8eb42d56 -> 
========================================================================
Received Import Request.
  Time since last request: 2818413.865009 seconds.
  path: Assets/=RzFX_SlashFX/Bloom.asset
  artifactKey: Guid(9f15ed788678a27498a79b18a6669443) Importer(815301076,1909f56bfc062723c751e8b465ee728b)
Start importing Assets/=RzFX_SlashFX/Bloom.asset using Guid(9f15ed788678a27498a79b18a6669443) Importer(815301076,1909f56bfc062723c751e8b465ee728b)  -> (artifact id: '8b7eeea2656b892889fd72dc41e098fa') in 0.030699 seconds 
========================================================================
Received Prepare
Registering precompiled user dll's ...
Registered in 0.007525 seconds.
Begin MonoManager ReloadAssembly
Native extension for WindowsStandalone target not found
Refreshing native plugins compatible for Editor in 0.78 ms, found 2 plugins.
Preloading 0 native plugins for Editor in 0.00 ms.
Mono: successfully reloaded assembly
- Completed reload, in  0.931 seconds
Domain Reload Profiling:
	ReloadAssembly (932ms)
		BeginReloadAssembly (156ms)
			ExecutionOrderSort (0ms)
			DisableScriptedObjects (5ms)
			BackupInstance (0ms)
			ReleaseScriptingObjects (0ms)
			CreateAndSetChildDomain (26ms)
		EndReloadAssembly (672ms)
			LoadAssemblies (117ms)
			RebuildTransferFunctionScriptingTraits (0ms)
			SetupTypeCache (175ms)
			ReleaseScriptCaches (1ms)
			RebuildScriptCaches (31ms)
			SetupLoadedEditorAssemblies (337ms)
				LogAssemblyErrors (0ms)
				InitializePlatformSupportModulesInManaged (15ms)
				SetLoadedEditorAssemblies (0ms)
				RefreshPlugins (1ms)
				BeforeProcessingInitializeOnLoad (65ms)
				ProcessInitializeOnLoadAttributes (201ms)
				ProcessInitializeOnLoadMethodAttributes (33ms)
				AfterProcessingInitializeOnLoad (22ms)
				EditorAssembliesLoaded (0ms)
			ExecutionOrderSort2 (0ms)
			AwakeInstancesAfterBackupRestoration (16ms)
Platform modules already initialized, skipping
Refreshing native plugins compatible for Editor in 2.53 ms, found 2 plugins.
Preloading 0 native plugins for Editor in 0.00 ms.
Unloading 1761 Unused Serialized files (Serialized files now loaded: 0)
Unloading 14 unused Assets / (413.2 KB). Loaded Objects now: 2276.
Memory consumption went from 94.0 MB to 93.6 MB.
Total: 2.550600 ms (FindLiveObjects: 0.167900 ms CreateObjectMapping: 0.082600 ms MarkObjects: 2.046000 ms  DeleteObjects: 0.253100 ms)

AssetImportParameters requested are different than current active one (requested -> active):
  custom:video-decoder-ogg-theora: a1e56fd34408186e4bbccfd4996cb3dc -> 
  custom:container-muxer-webm: aa71ff27fc2769a1b78a27578f13a17b -> 
  custom:container-demuxer-webm: 4f35f7cbe854078d1ac9338744f61a02 -> 
  custom:video-encoder-webm-vp8: eb34c28f22e8b96e1ab97ce403110664 -> 
  custom:audio-encoder-webm-vorbis: bf7c407c2cedff20999df2af8eb42d56 -> 
  custom:framework-win-MediaFoundation: 216162199b28c13a410421893ffa2e32 -> 
  custom:container-demuxer-ogg: 62fdf1f143b41e24485cea50d1cbac27 -> 
  custom:video-decoder-webm-vp8: 9c59270c3fd7afecdb556c50c9e8de78 -> 
  custom:audio-decoder-ogg-vorbis: bf7c407c2cedff20999df2af8eb42d56 -> 
========================================================================
Received Import Request.
  Time since last request: 285.325317 seconds.
  path: Assets/Scripts/UI
  artifactKey: Guid(1068be37b2329e2468fad679f7763a6f) Importer(815301076,1909f56bfc062723c751e8b465ee728b)
Start importing Assets/Scripts/UI using Guid(1068be37b2329e2468fad679f7763a6f) Importer(815301076,1909f56bfc062723c751e8b465ee728b)  -> (artifact id: 'e71923a99a1dc83a0cf729de1e864400') in 0.007325 seconds 
========================================================================
Received Import Request.
  Time since last request: 9.979759 seconds.
  path: Assets/Scripts/UI/UI_Shop.cs
  artifactKey: Guid(e1fe3c483e2da334693e78d23498d5dc) Importer(815301076,1909f56bfc062723c751e8b465ee728b)
Start importing Assets/Scripts/UI/UI_Shop.cs using Guid(e1fe3c483e2da334693e78d23498d5dc) Importer(815301076,1909f56bfc062723c751e8b465ee728b)  -> (artifact id: 'cf2f9d023a3cde153b06ae1ac933e4a5') in 0.021711 seconds 
========================================================================
Received Import Request.
  Time since last request: 16.807285 seconds.
  path: Assets/Scripts/UI/UI_Root.cs
  artifactKey: Guid(b761f755da305d7419c3f93c765c6f5d) Importer(815301076,1909f56bfc062723c751e8b465ee728b)
Start importing Assets/Scripts/UI/UI_Root.cs using Guid(b761f755da305d7419c3f93c765c6f5d) Importer(815301076,1909f56bfc062723c751e8b465ee728b)  -> (artifact id: 'bfce9aa575697488284e0c247306f0a3') in 0.009126 seconds 
========================================================================
Received Import Request.
  Time since last request: 12.396108 seconds.
  path: Assets/Scripts/UI/Scene
  artifactKey: Guid(14214c4f8983472448deeba5d86bace2) Importer(815301076,1909f56bfc062723c751e8b465ee728b)
Start importing Assets/Scripts/UI/Scene using Guid(14214c4f8983472448deeba5d86bace2) Importer(815301076,1909f56bfc062723c751e8b465ee728b)  -> (artifact id: '6e1cfbf3bbdd49aa8175966ae8ea904f') in 0.006955 seconds 
========================================================================
Received Import Request.
  Time since last request: 0.583414 seconds.
  path: Assets/Scripts/UI/Scene/UI_Joystick.cs
  artifactKey: Guid(a618c0219ef4f5f47ac2f2281b3e3097) Importer(815301076,1909f56bfc062723c751e8b465ee728b)
Start importing Assets/Scripts/UI/Scene/UI_Joystick.cs using Guid(a618c0219ef4f5f47ac2f2281b3e3097) Importer(815301076,1909f56bfc062723c751e8b465ee728b)  -> (artifact id: 'b0d7d67c7662ebfb986d7e51e96e7b45') in 0.006779 seconds 
========================================================================
Received Import Request.
  Time since last request: 2.189870 seconds.
  path: Assets/Scenes/FieldScene2
  artifactKey: Guid(8f6d9d4363abec445bcb1e722f2f9914) Importer(815301076,1909f56bfc062723c751e8b465ee728b)
Start importing Assets/Scenes/FieldScene2 using Guid(8f6d9d4363abec445bcb1e722f2f9914) Importer(815301076,1909f56bfc062723c751e8b465ee728b)  -> (artifact id: '10d806896b954f951ed65d00b6610ce7') in 0.007522 seconds 
========================================================================
Received Import Request.
  Time since last request: 0.062407 seconds.
  path: Assets/Scenes/FieldScene2/LightingData.asset
  artifactKey: Guid(57f81a82c5911034fb02ed7b0dc0dfd3) Importer(815301076,1909f56bfc062723c751e8b465ee728b)
Start importing Assets/Scenes/FieldScene2/LightingData.asset using Guid(57f81a82c5911034fb02ed7b0dc0dfd3) Importer(815301076,1909f56bfc062723c751e8b465ee728b) Lighting data asset ‘LightingData’ is incompatible with the current Unity version because the scene it was baked for was not serialized. Please use Generate Lighting to rebuild the lighting data, or assign the target scene to the Lighting Data Asset in the inspector.
 -> (artifact id: '76ca13a3edd567b7a1c0e510fb6901ce') in 0.023142 seconds 
========================================================================
Received Import Request.
  Time since last request: 74.152742 seconds.
  path: Assets/Resources/Prefabs/UI/Popup/UI_Shop.prefab
  artifactKey: Guid(6277961b22f14e14b9d5c3ddcd63dc4e) Importer(815301076,1909f56bfc062723c751e8b465ee728b)
Start importing Assets/Resources/Prefabs/UI/Popup/UI_Shop.prefab using Guid(6277961b22f14e14b9d5c3ddcd63dc4e) Importer(815301076,1909f56bfc062723c751e8b465ee728b)  -> (artifact id: 'd4ff979cd58f6bb01cfb2bc347d96e06') in 0.035897 seconds 
========================================================================
Received Import Request.
  Time since last request: 0.301697 seconds.
  path: Assets/Resources/Prefabs/UI/Popup/UI_Shop.prefab
  artifactKey: Guid(6277961b22f14e14b9d5c3ddcd63dc4e) Importer(815301076,1909f56bfc062723c751e8b465ee728b)
Start importing Assets/Resources/Prefabs/UI/Popup/UI_Shop.prefab using Guid(6277961b22f14e14b9d5c3ddcd63dc4e) Importer(815301076,1909f56bfc062723c751e8b465ee728b)  -> (artifact id: 'bdd73f072b5eda427e0f4b9ac06adf4e') in 0.011107 seconds 
========================================================================
Received Import Request.
  Time since last request: 20.534000 seconds.
  path: Assets/Resources/Prefabs/UI/Popup/UI_Shop.prefab
  artifactKey: Guid(6277961b22f14e14b9d5c3ddcd63dc4e) Importer(815301076,1909f56bfc062723c751e8b465ee728b)
Start importing Assets/Resources/Prefabs/UI/Popup/UI_Shop.prefab using Guid(6277961b22f14e14b9d5c3ddcd63dc4e) Importer(815301076,1909f56bfc062723c751e8b465ee728b)  -> (artifact id: '3448e49e6c2a0362e6b82a2a2a52c437') in 0.011059 seconds 
========================================================================
Received Import Request.
  Time since last request: 1.885947 seconds.
  path: Assets/Resources/Prefabs/UI/Popup/UI_Shop.prefab
  artifactKey: Guid(6277961b22f14e14b9d5c3ddcd63dc4e) Importer(815301076,1909f56bfc062723c751e8b465ee728b)
Start importing Assets/Resources/Prefabs/UI/Popup/UI_Shop.prefab using Guid(6277961b22f14e14b9d5c3ddcd63dc4e) Importer(815301076,1909f56bfc062723c751e8b465ee728b)  -> (artifact id: '5f6085278ed3263c58bef42e21dad733') in 0.010947 seconds 
========================================================================
Received Import Request.
  Time since last request: 4.638892 seconds.
  path: Assets/Resources/Prefabs/UI/Popup/UI_Shop.prefab
  artifactKey: Guid(6277961b22f14e14b9d5c3ddcd63dc4e) Importer(815301076,1909f56bfc062723c751e8b465ee728b)
Start importing Assets/Resources/Prefabs/UI/Popup/UI_Shop.prefab using Guid(6277961b22f14e14b9d5c3ddcd63dc4e) Importer(815301076,1909f56bfc062723c751e8b465ee728b)  -> (artifact id: '185772275fea7ce1d5e5cee19f442d39') in 0.011065 seconds 
