Using pre-set license
Built from '2021.3/staging' branch; Version is '2021.3.9f1 (ad3870b89536) revision 11352176'; Using compiler version '192829333'; Build Type 'Release'
OS: 'Windows 10  (10.0.19043) 64bit Core' Language: 'ko' Physical Memory: 32678 MB
BatchMode: 1, IsHumanControllingUs: 0, StartBugReporterOnCrash: 0, Is64bit: 1, IsPro: 1

COMMAND LINE ARGUMENTS:
C:\Program Files\Unity\Hub\Editor\2021.3.9f1\Editor\Unity.exe
-adb2
-batchMode
-noUpm
-name
AssetImportWorker2
-projectPath
C:/Users/user/Desktop/Moongazer
-logFile
Logs/AssetImportWorker2.log
-srvPort
56453
Successfully changed project path to: C:/Users/user/Desktop/Moongazer
C:/Users/user/Desktop/Moongazer
[UnityMemory] Configuration Parameters - Can be set up in boot.config
    "memorysetup-bucket-allocator-granularity=16"
    "memorysetup-bucket-allocator-bucket-count=8"
    "memorysetup-bucket-allocator-block-size=33554432"
    "memorysetup-bucket-allocator-block-count=8"
    "memorysetup-main-allocator-block-size=16777216"
    "memorysetup-thread-allocator-block-size=16777216"
    "memorysetup-gfx-main-allocator-block-size=16777216"
    "memorysetup-gfx-thread-allocator-block-size=16777216"
    "memorysetup-cache-allocator-block-size=4194304"
    "memorysetup-typetree-allocator-block-size=2097152"
    "memorysetup-profiler-bucket-allocator-granularity=16"
    "memorysetup-profiler-bucket-allocator-bucket-count=8"
    "memorysetup-profiler-bucket-allocator-block-size=33554432"
    "memorysetup-profiler-bucket-allocator-block-count=8"
    "memorysetup-profiler-allocator-block-size=16777216"
    "memorysetup-profiler-editor-allocator-block-size=1048576"
    "memorysetup-temp-allocator-size-main=16777216"
    "memorysetup-job-temp-allocator-block-size=2097152"
    "memorysetup-job-temp-allocator-block-size-background=1048576"
    "memorysetup-job-temp-allocator-reduction-small-platforms=262144"
    "memorysetup-temp-allocator-size-background-worker=32768"
    "memorysetup-temp-allocator-size-job-worker=262144"
    "memorysetup-temp-allocator-size-preload-manager=33554432"
    "memorysetup-temp-allocator-size-nav-mesh-worker=65536"
    "memorysetup-temp-allocator-size-audio-worker=65536"
    "memorysetup-temp-allocator-size-cloud-worker=32768"
    "memorysetup-temp-allocator-size-gi-baking-worker=262144"
    "memorysetup-temp-allocator-size-gfx=262144"
Refreshing native plugins compatible for Editor in 51.52 ms, found 2 plugins.
Preloading 0 native plugins for Editor in 0.00 ms.
Initialize engine version: 2021.3.9f1 (ad3870b89536)
[Subsystems] Discovering subsystems at path C:/Program Files/Unity/Hub/Editor/2021.3.9f1/Editor/Data/Resources/UnitySubsystems
[Subsystems] Discovering subsystems at path C:/Users/user/Desktop/Moongazer/Assets
GfxDevice: creating device client; threaded=0; jobified=0
Direct3D:
    Version:  Direct3D 11.0 [level 11.1]
    Renderer: NVIDIA GeForce RTX 3060 Ti (ID=0x2486)
    Vendor:   NVIDIA
    VRAM:     8050 MB
    Driver:   30.0.15.1215
Initialize mono
Mono path[0] = 'C:/Program Files/Unity/Hub/Editor/2021.3.9f1/Editor/Data/Managed'
Mono path[1] = 'C:/Program Files/Unity/Hub/Editor/2021.3.9f1/Editor/Data/MonoBleedingEdge/lib/mono/unityjit-win32'
Mono config path = 'C:/Program Files/Unity/Hub/Editor/2021.3.9f1/Editor/Data/MonoBleedingEdge/etc'
Using monoOptions --debugger-agent=transport=dt_socket,embedding=1,server=y,suspend=n,address=127.0.0.1:56956
Begin MonoManager ReloadAssembly
Registering precompiled unity dll's ...
Register platform support module: C:/Program Files/Unity/Hub/Editor/2021.3.9f1/Editor/Data/PlaybackEngines/WindowsStandaloneSupport/UnityEditor.WindowsStandalone.Extensions.dll
Registered in 0.015672 seconds.
Native extension for WindowsStandalone target not found
Refreshing native plugins compatible for Editor in 57.28 ms, found 2 plugins.
Preloading 0 native plugins for Editor in 0.00 ms.
Mono: successfully reloaded assembly
- Completed reload, in  0.662 seconds
Domain Reload Profiling:
	ReloadAssembly (662ms)
		BeginReloadAssembly (100ms)
			ExecutionOrderSort (0ms)
			DisableScriptedObjects (0ms)
			BackupInstance (0ms)
			ReleaseScriptingObjects (0ms)
			CreateAndSetChildDomain (1ms)
		EndReloadAssembly (431ms)
			LoadAssemblies (96ms)
			RebuildTransferFunctionScriptingTraits (0ms)
			SetupTypeCache (104ms)
			ReleaseScriptCaches (0ms)
			RebuildScriptCaches (26ms)
			SetupLoadedEditorAssemblies (239ms)
				LogAssemblyErrors (0ms)
				InitializePlatformSupportModulesInManaged (11ms)
				SetLoadedEditorAssemblies (0ms)
				RefreshPlugins (57ms)
				BeforeProcessingInitializeOnLoad (1ms)
				ProcessInitializeOnLoadAttributes (119ms)
				ProcessInitializeOnLoadMethodAttributes (51ms)
				AfterProcessingInitializeOnLoad (0ms)
				EditorAssembliesLoaded (0ms)
			ExecutionOrderSort2 (0ms)
			AwakeInstancesAfterBackupRestoration (0ms)
Platform modules already initialized, skipping
Registering precompiled user dll's ...
Registered in 0.006590 seconds.
Begin MonoManager ReloadAssembly
Native extension for WindowsStandalone target not found
Refreshing native plugins compatible for Editor in 0.75 ms, found 2 plugins.
Preloading 0 native plugins for Editor in 0.00 ms.
Mono: successfully reloaded assembly
- Completed reload, in  0.862 seconds
Domain Reload Profiling:
	ReloadAssembly (863ms)
		BeginReloadAssembly (130ms)
			ExecutionOrderSort (0ms)
			DisableScriptedObjects (5ms)
			BackupInstance (0ms)
			ReleaseScriptingObjects (0ms)
			CreateAndSetChildDomain (17ms)
		EndReloadAssembly (615ms)
			LoadAssemblies (101ms)
			RebuildTransferFunctionScriptingTraits (0ms)
			SetupTypeCache (174ms)
			ReleaseScriptCaches (0ms)
			RebuildScriptCaches (38ms)
			SetupLoadedEditorAssemblies (288ms)
				LogAssemblyErrors (0ms)
				InitializePlatformSupportModulesInManaged (7ms)
				SetLoadedEditorAssemblies (0ms)
				RefreshPlugins (1ms)
				BeforeProcessingInitializeOnLoad (59ms)
				ProcessInitializeOnLoadAttributes (180ms)
				ProcessInitializeOnLoadMethodAttributes (25ms)
				AfterProcessingInitializeOnLoad (15ms)
				EditorAssembliesLoaded (0ms)
			ExecutionOrderSort2 (0ms)
			AwakeInstancesAfterBackupRestoration (12ms)
Platform modules already initialized, skipping
========================================================================
Worker process is ready to serve import requests
Launched and connected shader compiler UnityShaderCompiler.exe after 0.05 seconds
Refreshing native plugins compatible for Editor in 1.21 ms, found 2 plugins.
Preloading 0 native plugins for Editor in 0.00 ms.
Unloading 1796 Unused Serialized files (Serialized files now loaded: 0)
Unloading 21 unused Assets / (398.4 KB). Loaded Objects now: 2272.
Memory consumption went from 97.1 MB to 96.7 MB.
Total: 2.658400 ms (FindLiveObjects: 0.174000 ms CreateObjectMapping: 0.098400 ms MarkObjects: 2.158000 ms  DeleteObjects: 0.226900 ms)

AssetImportParameters requested are different than current active one (requested -> active):
  custom:video-decoder-ogg-theora: a1e56fd34408186e4bbccfd4996cb3dc -> 
  custom:container-muxer-webm: aa71ff27fc2769a1b78a27578f13a17b -> 
  custom:container-demuxer-webm: 4f35f7cbe854078d1ac9338744f61a02 -> 
  custom:video-encoder-webm-vp8: eb34c28f22e8b96e1ab97ce403110664 -> 
  custom:audio-encoder-webm-vorbis: bf7c407c2cedff20999df2af8eb42d56 -> 
  custom:framework-win-MediaFoundation: 216162199b28c13a410421893ffa2e32 -> 
  custom:container-demuxer-ogg: 62fdf1f143b41e24485cea50d1cbac27 -> 
  custom:video-decoder-webm-vp8: 9c59270c3fd7afecdb556c50c9e8de78 -> 
  custom:audio-decoder-ogg-vorbis: bf7c407c2cedff20999df2af8eb42d56 -> 
========================================================================
Received Import Request.
  Time since last request: 2818011.813952 seconds.
  path: Assets/Resources/Prefabs/UI/UI_HPBar.prefab
  artifactKey: Guid(02ebb6ab9b6fe424db651f81ee7a957a) Importer(815301076,1909f56bfc062723c751e8b465ee728b)
Start importing Assets/Resources/Prefabs/UI/UI_HPBar.prefab using Guid(02ebb6ab9b6fe424db651f81ee7a957a) Importer(815301076,1909f56bfc062723c751e8b465ee728b)  -> (artifact id: 'aea8e5ed67d07344936106759249dc37') in 0.063410 seconds 
========================================================================
Received Import Request.
  Time since last request: 0.000022 seconds.
  path: Assets/Resources/Prefabs/Player.prefab
  artifactKey: Guid(5f28ce0ac8b4b6d46a6d600a8fc9d623) Importer(815301076,1909f56bfc062723c751e8b465ee728b)
Start importing Assets/Resources/Prefabs/Player.prefab using Guid(5f28ce0ac8b4b6d46a6d600a8fc9d623) Importer(815301076,1909f56bfc062723c751e8b465ee728b)  -> (artifact id: '8d3c88bc531523b234a63439e68b4cb6') in 0.479986 seconds 
========================================================================
Received Import Request.
  Time since last request: 0.000023 seconds.
  path: Assets/Resources/Prefabs/FX_Swirl_Fast_01.prefab
  artifactKey: Guid(3e7b0fe71107fed47ac57d56efe1786f) Importer(815301076,1909f56bfc062723c751e8b465ee728b)
Start importing Assets/Resources/Prefabs/FX_Swirl_Fast_01.prefab using Guid(3e7b0fe71107fed47ac57d56efe1786f) Importer(815301076,1909f56bfc062723c751e8b465ee728b)  -> (artifact id: 'ca2a9047bd68924d9a59ab63c3eac6f4') in 0.022244 seconds 
========================================================================
Received Import Request.
  Time since last request: 0.000036 seconds.
  path: Assets/Resources/Prefabs/UI/Slot.prefab
  artifactKey: Guid(593d19a26a405f84fbf2e397fe9bd2b8) Importer(815301076,1909f56bfc062723c751e8b465ee728b)
Start importing Assets/Resources/Prefabs/UI/Slot.prefab using Guid(593d19a26a405f84fbf2e397fe9bd2b8) Importer(815301076,1909f56bfc062723c751e8b465ee728b)  -> (artifact id: '219c75164a446098663ec9a3b35af4c9') in 0.020310 seconds 
========================================================================
Received Import Request.
  Time since last request: 0.000018 seconds.
  path: Assets/Resources/Prefabs/FireBreath 1.prefab
  artifactKey: Guid(adbc7fae2f9cebc44a8b76ea21b8feeb) Importer(815301076,1909f56bfc062723c751e8b465ee728b)
Start importing Assets/Resources/Prefabs/FireBreath 1.prefab using Guid(adbc7fae2f9cebc44a8b76ea21b8feeb) Importer(815301076,1909f56bfc062723c751e8b465ee728b)  -> (artifact id: 'e5dd73ed29415fe6f63775b89e9f4a4a') in 0.025961 seconds 
========================================================================
Received Import Request.
  Time since last request: 0.000019 seconds.
  path: Assets/Resources/Prefabs/CFX_MagicPoof.prefab
  artifactKey: Guid(74b590b2a2d7b9e41a23dea21fc46707) Importer(815301076,1909f56bfc062723c751e8b465ee728b)
Start importing Assets/Resources/Prefabs/CFX_MagicPoof.prefab using Guid(74b590b2a2d7b9e41a23dea21fc46707) Importer(815301076,1909f56bfc062723c751e8b465ee728b)  -> (artifact id: '5b64f0bad718dee04b90a5e6ae9fd390') in 0.025795 seconds 
========================================================================
Received Import Request.
  Time since last request: 0.000024 seconds.
  path: Assets/Resources/Prefabs/FX_Explosion_Body_01.prefab
  artifactKey: Guid(f0235702d233d2c41b7a05d69904f21f) Importer(815301076,1909f56bfc062723c751e8b465ee728b)
Start importing Assets/Resources/Prefabs/FX_Explosion_Body_01.prefab using Guid(f0235702d233d2c41b7a05d69904f21f) Importer(815301076,1909f56bfc062723c751e8b465ee728b)  -> (artifact id: 'eff98de907a1d8954cbb8b7e909871b0') in 0.134104 seconds 
========================================================================
Received Import Request.
  Time since last request: 0.749344 seconds.
  path: Assets/Resources/Prefabs/UI/SubItem
  artifactKey: Guid(c82d348c9506589468dbb32bb1a55ce6) Importer(815301076,1909f56bfc062723c751e8b465ee728b)
Start importing Assets/Resources/Prefabs/UI/SubItem using Guid(c82d348c9506589468dbb32bb1a55ce6) Importer(815301076,1909f56bfc062723c751e8b465ee728b)  -> (artifact id: '67b5646697c7bda41e846cc3161f6c7b') in 0.006366 seconds 
========================================================================
Received Import Request.
  Time since last request: 0.083585 seconds.
  path: Assets/Resources/Prefabs/UI/SubItem/UI_Inven_Item.prefab
  artifactKey: Guid(cca5e2d99b67ffe4882188963ed2d38f) Importer(815301076,1909f56bfc062723c751e8b465ee728b)
Start importing Assets/Resources/Prefabs/UI/SubItem/UI_Inven_Item.prefab using Guid(cca5e2d99b67ffe4882188963ed2d38f) Importer(815301076,1909f56bfc062723c751e8b465ee728b)  -> (artifact id: '8f91b31d7045e1a66c4722d3b2c2dc5c') in 0.011308 seconds 
========================================================================
Received Import Request.
  Time since last request: 22.095517 seconds.
  path: Assets/Resources/Prefabs/UI/Popup
  artifactKey: Guid(cdd5b3a1e536fd24ebbd9b98e3929085) Importer(815301076,1909f56bfc062723c751e8b465ee728b)
Start importing Assets/Resources/Prefabs/UI/Popup using Guid(cdd5b3a1e536fd24ebbd9b98e3929085) Importer(815301076,1909f56bfc062723c751e8b465ee728b)  -> (artifact id: '673e40be1a5ffa30941b2a06b4189c35') in 0.006571 seconds 
========================================================================
Received Import Request.
  Time since last request: 0.089221 seconds.
  path: Assets/Resources/Prefabs/UI/Popup/UI_Button.prefab
  artifactKey: Guid(55e8dd660a0f2574cad08e4f11fd244f) Importer(815301076,1909f56bfc062723c751e8b465ee728b)
Start importing Assets/Resources/Prefabs/UI/Popup/UI_Button.prefab using Guid(55e8dd660a0f2574cad08e4f11fd244f) Importer(815301076,1909f56bfc062723c751e8b465ee728b)  -> (artifact id: '6d72311cae928c89a1a8d895e9b52cfe') in 0.012757 seconds 
========================================================================
Received Import Request.
  Time since last request: 0.003778 seconds.
  path: Assets/Resources/Prefabs/UI/Popup/UI_GameOver.prefab
  artifactKey: Guid(c4ace5170599bc4409c210889f6f494f) Importer(815301076,1909f56bfc062723c751e8b465ee728b)
Start importing Assets/Resources/Prefabs/UI/Popup/UI_GameOver.prefab using Guid(c4ace5170599bc4409c210889f6f494f) Importer(815301076,1909f56bfc062723c751e8b465ee728b)  -> (artifact id: '3923d899f970add6cf98d622d0f4fbea') in 0.016750 seconds 
========================================================================
Received Import Request.
  Time since last request: 0.000018 seconds.
  path: Assets/Resources/Prefabs/UI/Popup/UI_Options.prefab
  artifactKey: Guid(78ad02c7ec08490428beb0535b525511) Importer(815301076,1909f56bfc062723c751e8b465ee728b)
Start importing Assets/Resources/Prefabs/UI/Popup/UI_Options.prefab using Guid(78ad02c7ec08490428beb0535b525511) Importer(815301076,1909f56bfc062723c751e8b465ee728b)  -> (artifact id: '54da28ba74a50e3abe3d06452d7835dd') in 0.040104 seconds 
========================================================================
Received Import Request.
  Time since last request: 33.552120 seconds.
  path: Assets/Resources/Prefabs/UI/SubItem/UI_Shop_Item.prefab
  artifactKey: Guid(0d747bc15a572534fbc278cd65a70d2f) Importer(815301076,1909f56bfc062723c751e8b465ee728b)
Start importing Assets/Resources/Prefabs/UI/SubItem/UI_Shop_Item.prefab using Guid(0d747bc15a572534fbc278cd65a70d2f) Importer(815301076,1909f56bfc062723c751e8b465ee728b)  -> (artifact id: '14f10f40f1d2cf009d2a11f5b0d78e82') in 0.007542 seconds 
========================================================================
Received Import Request.
  Time since last request: 6.585723 seconds.
  path: Assets/Resources/Prefabs/UI/SubItem/UI_Shop_Item.prefab
  artifactKey: Guid(0d747bc15a572534fbc278cd65a70d2f) Importer(815301076,1909f56bfc062723c751e8b465ee728b)
Start importing Assets/Resources/Prefabs/UI/SubItem/UI_Shop_Item.prefab using Guid(0d747bc15a572534fbc278cd65a70d2f) Importer(815301076,1909f56bfc062723c751e8b465ee728b)  -> (artifact id: '3e6efd1c294663af6f72ae2c532650cf') in 0.006912 seconds 
========================================================================
Received Import Request.
  Time since last request: 12.125370 seconds.
  path: Assets/Resources/Prefabs/UI/SubItem/UI_Shop_Item.prefab
  artifactKey: Guid(0d747bc15a572534fbc278cd65a70d2f) Importer(815301076,1909f56bfc062723c751e8b465ee728b)
Start importing Assets/Resources/Prefabs/UI/SubItem/UI_Shop_Item.prefab using Guid(0d747bc15a572534fbc278cd65a70d2f) Importer(815301076,1909f56bfc062723c751e8b465ee728b)  -> (artifact id: '0f2c04d77b6d8e2dcf14074da5377a47') in 0.007299 seconds 
========================================================================
Received Import Request.
  Time since last request: 8.462302 seconds.
  path: Assets/Resources/Prefabs/UI/SubItem/UI_Shop_Item.prefab
  artifactKey: Guid(0d747bc15a572534fbc278cd65a70d2f) Importer(815301076,1909f56bfc062723c751e8b465ee728b)
Start importing Assets/Resources/Prefabs/UI/SubItem/UI_Shop_Item.prefab using Guid(0d747bc15a572534fbc278cd65a70d2f) Importer(815301076,1909f56bfc062723c751e8b465ee728b)  -> (artifact id: '9dc21a396caaa99d760bb68d3c157410') in 0.007419 seconds 
========================================================================
Received Import Request.
  Time since last request: 2.202375 seconds.
  path: Assets/Resources/Prefabs/UI/SubItem/UI_Shop_Item.prefab
  artifactKey: Guid(0d747bc15a572534fbc278cd65a70d2f) Importer(815301076,1909f56bfc062723c751e8b465ee728b)
Start importing Assets/Resources/Prefabs/UI/SubItem/UI_Shop_Item.prefab using Guid(0d747bc15a572534fbc278cd65a70d2f) Importer(815301076,1909f56bfc062723c751e8b465ee728b)  -> (artifact id: 'a7cfe21212feae2376efcbad75161bb6') in 0.007224 seconds 
========================================================================
Received Import Request.
  Time since last request: 7.844764 seconds.
  path: Assets/Resources/Prefabs/UI/SubItem/UI_Shop_Item.prefab
  artifactKey: Guid(0d747bc15a572534fbc278cd65a70d2f) Importer(815301076,1909f56bfc062723c751e8b465ee728b)
Start importing Assets/Resources/Prefabs/UI/SubItem/UI_Shop_Item.prefab using Guid(0d747bc15a572534fbc278cd65a70d2f) Importer(815301076,1909f56bfc062723c751e8b465ee728b)  -> (artifact id: '8bbeb072fca454d39b0ee8e5c209eb89') in 0.006804 seconds 
========================================================================
Received Import Request.
  Time since last request: 7.306564 seconds.
  path: Assets/Resources/Prefabs/UI/SubItem/UI_Shop_Item.prefab
  artifactKey: Guid(0d747bc15a572534fbc278cd65a70d2f) Importer(815301076,1909f56bfc062723c751e8b465ee728b)
Start importing Assets/Resources/Prefabs/UI/SubItem/UI_Shop_Item.prefab using Guid(0d747bc15a572534fbc278cd65a70d2f) Importer(815301076,1909f56bfc062723c751e8b465ee728b)  -> (artifact id: '263dc30837d47bd1bd55ba7ef892040c') in 0.007055 seconds 
========================================================================
Received Prepare
Registering precompiled user dll's ...
Registered in 0.006623 seconds.
Begin MonoManager ReloadAssembly
Native extension for WindowsStandalone target not found
Refreshing native plugins compatible for Editor in 0.75 ms, found 2 plugins.
Preloading 0 native plugins for Editor in 0.00 ms.
Mono: successfully reloaded assembly
- Completed reload, in  0.847 seconds
Domain Reload Profiling:
	ReloadAssembly (847ms)
		BeginReloadAssembly (148ms)
			ExecutionOrderSort (0ms)
			DisableScriptedObjects (4ms)
			BackupInstance (0ms)
			ReleaseScriptingObjects (0ms)
			CreateAndSetChildDomain (26ms)
		EndReloadAssembly (598ms)
			LoadAssemblies (111ms)
			RebuildTransferFunctionScriptingTraits (0ms)
			SetupTypeCache (162ms)
			ReleaseScriptCaches (1ms)
			RebuildScriptCaches (31ms)
			SetupLoadedEditorAssemblies (282ms)
				LogAssemblyErrors (0ms)
				InitializePlatformSupportModulesInManaged (15ms)
				SetLoadedEditorAssemblies (0ms)
				RefreshPlugins (1ms)
				BeforeProcessingInitializeOnLoad (57ms)
				ProcessInitializeOnLoadAttributes (167ms)
				ProcessInitializeOnLoadMethodAttributes (26ms)
				AfterProcessingInitializeOnLoad (17ms)
				EditorAssembliesLoaded (0ms)
			ExecutionOrderSort2 (0ms)
			AwakeInstancesAfterBackupRestoration (14ms)
Platform modules already initialized, skipping
Refreshing native plugins compatible for Editor in 2.29 ms, found 2 plugins.
Preloading 0 native plugins for Editor in 0.00 ms.
Unloading 1761 Unused Serialized files (Serialized files now loaded: 0)
Unloading 15 unused Assets / (414.1 KB). Loaded Objects now: 2287.
Memory consumption went from 111.4 MB to 111.0 MB.
Total: 2.399100 ms (FindLiveObjects: 0.158700 ms CreateObjectMapping: 0.071200 ms MarkObjects: 1.943700 ms  DeleteObjects: 0.224500 ms)

AssetImportParameters requested are different than current active one (requested -> active):
  custom:video-decoder-ogg-theora: a1e56fd34408186e4bbccfd4996cb3dc -> 
  custom:container-muxer-webm: aa71ff27fc2769a1b78a27578f13a17b -> 
  custom:container-demuxer-webm: 4f35f7cbe854078d1ac9338744f61a02 -> 
  custom:video-encoder-webm-vp8: eb34c28f22e8b96e1ab97ce403110664 -> 
  custom:audio-encoder-webm-vorbis: bf7c407c2cedff20999df2af8eb42d56 -> 
  custom:framework-win-MediaFoundation: 216162199b28c13a410421893ffa2e32 -> 
  custom:container-demuxer-ogg: 62fdf1f143b41e24485cea50d1cbac27 -> 
  custom:video-decoder-webm-vp8: 9c59270c3fd7afecdb556c50c9e8de78 -> 
  custom:audio-decoder-ogg-vorbis: bf7c407c2cedff20999df2af8eb42d56 -> 
========================================================================
Received Import Request.
  Time since last request: 22.756087 seconds.
  path: Assets/Resources/Prefabs/UI/SubItem/UI_Shop_Item.prefab
  artifactKey: Guid(0d747bc15a572534fbc278cd65a70d2f) Importer(815301076,1909f56bfc062723c751e8b465ee728b)
Start importing Assets/Resources/Prefabs/UI/SubItem/UI_Shop_Item.prefab using Guid(0d747bc15a572534fbc278cd65a70d2f) Importer(815301076,1909f56bfc062723c751e8b465ee728b)  -> (artifact id: 'e23c39f2a4330d4d4648d1740f3453b4') in 0.034590 seconds 
========================================================================
Received Import Request.
  Time since last request: 4.984766 seconds.
  path: Assets/Resources/Prefabs/UI/SubItem/UI_Shop_Item.prefab
  artifactKey: Guid(0d747bc15a572534fbc278cd65a70d2f) Importer(815301076,1909f56bfc062723c751e8b465ee728b)
Start importing Assets/Resources/Prefabs/UI/SubItem/UI_Shop_Item.prefab using Guid(0d747bc15a572534fbc278cd65a70d2f) Importer(815301076,1909f56bfc062723c751e8b465ee728b)  -> (artifact id: 'c7e8c1e46872697c71950cefdbbdf205') in 0.007136 seconds 
========================================================================
Received Import Request.
  Time since last request: 4.831794 seconds.
  path: Assets/Resources/Prefabs/UI/SubItem/UI_Shop_Item.prefab
  artifactKey: Guid(0d747bc15a572534fbc278cd65a70d2f) Importer(815301076,1909f56bfc062723c751e8b465ee728b)
Start importing Assets/Resources/Prefabs/UI/SubItem/UI_Shop_Item.prefab using Guid(0d747bc15a572534fbc278cd65a70d2f) Importer(815301076,1909f56bfc062723c751e8b465ee728b)  -> (artifact id: 'd9c9409cf5120b4d58bdddbf535ca255') in 0.007207 seconds 
========================================================================
Received Import Request.
  Time since last request: 3.225284 seconds.
  path: Assets/Resources/Prefabs/UI/SubItem/UI_Shop_Item.prefab
  artifactKey: Guid(0d747bc15a572534fbc278cd65a70d2f) Importer(815301076,1909f56bfc062723c751e8b465ee728b)
Start importing Assets/Resources/Prefabs/UI/SubItem/UI_Shop_Item.prefab using Guid(0d747bc15a572534fbc278cd65a70d2f) Importer(815301076,1909f56bfc062723c751e8b465ee728b)  -> (artifact id: '30e4807af095d50485e8b8c098c3710d') in 0.008174 seconds 
========================================================================
Received Import Request.
  Time since last request: 6.253055 seconds.
  path: Assets/Resources/Prefabs/UI/SubItem/UI_Shop_Item.prefab
  artifactKey: Guid(0d747bc15a572534fbc278cd65a70d2f) Importer(815301076,1909f56bfc062723c751e8b465ee728b)
Start importing Assets/Resources/Prefabs/UI/SubItem/UI_Shop_Item.prefab using Guid(0d747bc15a572534fbc278cd65a70d2f) Importer(815301076,1909f56bfc062723c751e8b465ee728b)  -> (artifact id: 'ee3550f9b7e6504ff2180ace0e638d02') in 0.007324 seconds 
========================================================================
Received Import Request.
  Time since last request: 2.935205 seconds.
  path: Assets/Resources/Prefabs/UI/SubItem/UI_Shop_Item.prefab
  artifactKey: Guid(0d747bc15a572534fbc278cd65a70d2f) Importer(815301076,1909f56bfc062723c751e8b465ee728b)
Start importing Assets/Resources/Prefabs/UI/SubItem/UI_Shop_Item.prefab using Guid(0d747bc15a572534fbc278cd65a70d2f) Importer(815301076,1909f56bfc062723c751e8b465ee728b)  -> (artifact id: 'e5dfb29d95e344bc9234b6b7ca90ad43') in 0.007199 seconds 
========================================================================
Received Prepare
Registering precompiled user dll's ...
Registered in 0.006109 seconds.
Begin MonoManager ReloadAssembly
Native extension for WindowsStandalone target not found
Refreshing native plugins compatible for Editor in 0.78 ms, found 2 plugins.
Preloading 0 native plugins for Editor in 0.00 ms.
Mono: successfully reloaded assembly
- Completed reload, in  0.835 seconds
Domain Reload Profiling:
	ReloadAssembly (836ms)
		BeginReloadAssembly (145ms)
			ExecutionOrderSort (0ms)
			DisableScriptedObjects (4ms)
			BackupInstance (0ms)
			ReleaseScriptingObjects (0ms)
			CreateAndSetChildDomain (26ms)
		EndReloadAssembly (594ms)
			LoadAssemblies (108ms)
			RebuildTransferFunctionScriptingTraits (0ms)
			SetupTypeCache (163ms)
			ReleaseScriptCaches (1ms)
			RebuildScriptCaches (30ms)
			SetupLoadedEditorAssemblies (278ms)
				LogAssemblyErrors (0ms)
				InitializePlatformSupportModulesInManaged (15ms)
				SetLoadedEditorAssemblies (0ms)
				RefreshPlugins (1ms)
				BeforeProcessingInitializeOnLoad (55ms)
				ProcessInitializeOnLoadAttributes (165ms)
				ProcessInitializeOnLoadMethodAttributes (26ms)
				AfterProcessingInitializeOnLoad (16ms)
				EditorAssembliesLoaded (0ms)
			ExecutionOrderSort2 (0ms)
			AwakeInstancesAfterBackupRestoration (12ms)
Platform modules already initialized, skipping
Refreshing native plugins compatible for Editor in 2.27 ms, found 2 plugins.
Preloading 0 native plugins for Editor in 0.00 ms.
Unloading 1761 Unused Serialized files (Serialized files now loaded: 0)
Unloading 14 unused Assets / (382.8 KB). Loaded Objects now: 2290.
Memory consumption went from 111.4 MB to 111.1 MB.
Total: 2.740300 ms (FindLiveObjects: 0.246900 ms CreateObjectMapping: 0.131600 ms MarkObjects: 2.114900 ms  DeleteObjects: 0.246000 ms)

AssetImportParameters requested are different than current active one (requested -> active):
  custom:video-decoder-ogg-theora: a1e56fd34408186e4bbccfd4996cb3dc -> 
  custom:container-muxer-webm: aa71ff27fc2769a1b78a27578f13a17b -> 
  custom:container-demuxer-webm: 4f35f7cbe854078d1ac9338744f61a02 -> 
  custom:video-encoder-webm-vp8: eb34c28f22e8b96e1ab97ce403110664 -> 
  custom:audio-encoder-webm-vorbis: bf7c407c2cedff20999df2af8eb42d56 -> 
  custom:framework-win-MediaFoundation: 216162199b28c13a410421893ffa2e32 -> 
  custom:container-demuxer-ogg: 62fdf1f143b41e24485cea50d1cbac27 -> 
  custom:video-decoder-webm-vp8: 9c59270c3fd7afecdb556c50c9e8de78 -> 
  custom:audio-decoder-ogg-vorbis: bf7c407c2cedff20999df2af8eb42d56 -> 
========================================================================
Received Import Request.
  Time since last request: 233.726071 seconds.
  path: Assets/Resources/Prefabs/UI/Scene/UI_Attack.prefab
  artifactKey: Guid(b9283559a170cb142b123d6161aeca60) Importer(815301076,1909f56bfc062723c751e8b465ee728b)
Start importing Assets/Resources/Prefabs/UI/Scene/UI_Attack.prefab using Guid(b9283559a170cb142b123d6161aeca60) Importer(815301076,1909f56bfc062723c751e8b465ee728b)  -> (artifact id: '6a2db980ae4525728b663a2d82b86760') in 0.054589 seconds 
========================================================================
Received Import Request.
  Time since last request: 0.012004 seconds.
  path: Assets/Resources/Prefabs/UI/Scene/UI_Joystick.prefab
  artifactKey: Guid(7d33fce52df91b04db4c28509eeeb40b) Importer(815301076,1909f56bfc062723c751e8b465ee728b)
Start importing Assets/Resources/Prefabs/UI/Scene/UI_Joystick.prefab using Guid(7d33fce52df91b04db4c28509eeeb40b) Importer(815301076,1909f56bfc062723c751e8b465ee728b)  -> (artifact id: '9d453f2198f34ff591c19b22000766eb') in 0.012418 seconds 
========================================================================
Received Import Request.
  Time since last request: 0.000031 seconds.
  path: Assets/Resources/Prefabs/UI/Scene/UI_Title.prefab
  artifactKey: Guid(f3bd33324723de445be0b837ae1fecc0) Importer(815301076,1909f56bfc062723c751e8b465ee728b)
Start importing Assets/Resources/Prefabs/UI/Scene/UI_Title.prefab using Guid(f3bd33324723de445be0b837ae1fecc0) Importer(815301076,1909f56bfc062723c751e8b465ee728b)  -> (artifact id: '02bec03c6531f993c341f5051518c617') in 0.011050 seconds 
========================================================================
Received Import Request.
  Time since last request: 0.000031 seconds.
  path: Assets/Resources/Prefabs/UI/Scene/UI_Status.prefab
  artifactKey: Guid(0d8179533b4bc7041a3be0696eed4a3e) Importer(815301076,1909f56bfc062723c751e8b465ee728b)
Start importing Assets/Resources/Prefabs/UI/Scene/UI_Status.prefab using Guid(0d8179533b4bc7041a3be0696eed4a3e) Importer(815301076,1909f56bfc062723c751e8b465ee728b)  -> (artifact id: 'ba73ca775abf4290a8890b181a02e70c') in 0.014233 seconds 
========================================================================
Received Prepare
Registering precompiled user dll's ...
Registered in 0.007733 seconds.
Begin MonoManager ReloadAssembly
Native extension for WindowsStandalone target not found
Refreshing native plugins compatible for Editor in 0.74 ms, found 2 plugins.
Preloading 0 native plugins for Editor in 0.00 ms.
Mono: successfully reloaded assembly
- Completed reload, in  0.921 seconds
Domain Reload Profiling:
	ReloadAssembly (922ms)
		BeginReloadAssembly (161ms)
			ExecutionOrderSort (0ms)
			DisableScriptedObjects (4ms)
			BackupInstance (0ms)
			ReleaseScriptingObjects (0ms)
			CreateAndSetChildDomain (34ms)
		EndReloadAssembly (657ms)
			LoadAssemblies (115ms)
			RebuildTransferFunctionScriptingTraits (0ms)
			SetupTypeCache (168ms)
			ReleaseScriptCaches (1ms)
			RebuildScriptCaches (31ms)
			SetupLoadedEditorAssemblies (329ms)
				LogAssemblyErrors (0ms)
				InitializePlatformSupportModulesInManaged (15ms)
				SetLoadedEditorAssemblies (0ms)
				RefreshPlugins (1ms)
				BeforeProcessingInitializeOnLoad (65ms)
				ProcessInitializeOnLoadAttributes (195ms)
				ProcessInitializeOnLoadMethodAttributes (30ms)
				AfterProcessingInitializeOnLoad (23ms)
				EditorAssembliesLoaded (0ms)
			ExecutionOrderSort2 (0ms)
			AwakeInstancesAfterBackupRestoration (16ms)
Platform modules already initialized, skipping
Refreshing native plugins compatible for Editor in 3.26 ms, found 2 plugins.
Preloading 0 native plugins for Editor in 0.00 ms.
Unloading 1761 Unused Serialized files (Serialized files now loaded: 0)
Unloading 14 unused Assets / (383.0 KB). Loaded Objects now: 2293.
Memory consumption went from 111.5 MB to 111.1 MB.
Total: 3.739800 ms (FindLiveObjects: 0.254100 ms CreateObjectMapping: 0.184000 ms MarkObjects: 3.032700 ms  DeleteObjects: 0.267800 ms)

AssetImportParameters requested are different than current active one (requested -> active):
  custom:video-decoder-ogg-theora: a1e56fd34408186e4bbccfd4996cb3dc -> 
  custom:container-muxer-webm: aa71ff27fc2769a1b78a27578f13a17b -> 
  custom:container-demuxer-webm: 4f35f7cbe854078d1ac9338744f61a02 -> 
  custom:video-encoder-webm-vp8: eb34c28f22e8b96e1ab97ce403110664 -> 
  custom:audio-encoder-webm-vorbis: bf7c407c2cedff20999df2af8eb42d56 -> 
  custom:framework-win-MediaFoundation: 216162199b28c13a410421893ffa2e32 -> 
  custom:container-demuxer-ogg: 62fdf1f143b41e24485cea50d1cbac27 -> 
  custom:video-decoder-webm-vp8: 9c59270c3fd7afecdb556c50c9e8de78 -> 
  custom:audio-decoder-ogg-vorbis: bf7c407c2cedff20999df2af8eb42d56 -> 
Editor requested this worker to shutdown with reason: Scaling down because of idle timeout
AssetImportWorker is now disconnected from the server
Process exiting
Exiting without the bug reporter. Application will terminate with return code 0